Spark Command: /usr/local/jdk1.8.0_51/bin/java -cp /s/chopin/a/grad/sgaxcell/cs455TermProject/spark-2.4.1-bin-hadoop2.7/conf/:/s/chopin/a/grad/sgaxcell/cs455TermProject/spark-2.4.1-bin-hadoop2.7/jars/*:/s/chopin/a/grad/sgaxcell/cs455TermProject/conf/ -Xmx1g org.apache.spark.deploy.worker.Worker --webui-port 8081 spark://phoenix.cs.colostate.edu:30311
========================================
Using Spark's default log4j profile: org/apache/spark/log4j-defaults.properties
19/04/13 13:16:21 INFO Worker: Started daemon with process name: 3187@harrisburg
19/04/13 13:16:21 INFO SignalUtils: Registered signal handler for TERM
19/04/13 13:16:21 INFO SignalUtils: Registered signal handler for HUP
19/04/13 13:16:21 INFO SignalUtils: Registered signal handler for INT
19/04/13 13:16:22 WARN NativeCodeLoader: Unable to load native-hadoop library for your platform... using builtin-java classes where applicable
19/04/13 13:16:22 INFO SecurityManager: Changing view acls to: sgaxcell
19/04/13 13:16:22 INFO SecurityManager: Changing modify acls to: sgaxcell
19/04/13 13:16:22 INFO SecurityManager: Changing view acls groups to: 
19/04/13 13:16:22 INFO SecurityManager: Changing modify acls groups to: 
19/04/13 13:16:22 INFO SecurityManager: SecurityManager: authentication disabled; ui acls disabled; users  with view permissions: Set(sgaxcell); groups with view permissions: Set(); users  with modify permissions: Set(sgaxcell); groups with modify permissions: Set()
19/04/13 13:16:22 INFO Utils: Successfully started service 'sparkWorker' on port 37615.
19/04/13 13:16:23 INFO Worker: Starting Spark worker 129.82.44.145:37615 with 2 cores, 2.0 GB RAM
19/04/13 13:16:23 INFO Worker: Running Spark version 2.4.1
19/04/13 13:16:23 INFO Worker: Spark home: /s/chopin/a/grad/sgaxcell/cs455TermProject/spark-2.4.1-bin-hadoop2.7
19/04/13 13:16:23 WARN Utils: Service 'WorkerUI' could not bind on port 8081. Attempting port 8082.
19/04/13 13:16:23 INFO Utils: Successfully started service 'WorkerUI' on port 8082.
19/04/13 13:16:23 INFO WorkerWebUI: Bound WorkerWebUI to 0.0.0.0, and started at http://harrisburg.cs.colostate.edu:8082
19/04/13 13:16:23 INFO Worker: Connecting to master phoenix.cs.colostate.edu:30311...
19/04/13 13:16:23 INFO TransportClientFactory: Successfully created connection to phoenix.cs.colostate.edu/129.82.44.162:30311 after 66 ms (0 ms spent in bootstraps)
19/04/13 13:16:23 INFO Worker: Successfully registered with master spark://phoenix.cs.colostate.edu:30311
