Spark Command: /usr/local/jdk1.8.0_51/bin/java -cp /s/chopin/a/grad/sgaxcell/cs455TermProject/spark-2.4.1-bin-hadoop2.7/conf/:/s/chopin/a/grad/sgaxcell/cs455TermProject/spark-2.4.1-bin-hadoop2.7/jars/*:/s/chopin/a/grad/sgaxcell/cs455TermProject/conf/ -Xmx1g org.apache.spark.deploy.worker.Worker --webui-port 8082 spark://phoenix.cs.colostate.edu:30311
========================================
Using Spark's default log4j profile: org/apache/spark/log4j-defaults.properties
19/04/13 13:16:24 INFO Worker: Started daemon with process name: 10473@indianapolis
19/04/13 13:16:24 INFO SignalUtils: Registered signal handler for TERM
19/04/13 13:16:24 INFO SignalUtils: Registered signal handler for HUP
19/04/13 13:16:24 INFO SignalUtils: Registered signal handler for INT
19/04/13 13:16:25 WARN NativeCodeLoader: Unable to load native-hadoop library for your platform... using builtin-java classes where applicable
19/04/13 13:16:25 INFO SecurityManager: Changing view acls to: sgaxcell
19/04/13 13:16:25 INFO SecurityManager: Changing modify acls to: sgaxcell
19/04/13 13:16:25 INFO SecurityManager: Changing view acls groups to: 
19/04/13 13:16:25 INFO SecurityManager: Changing modify acls groups to: 
19/04/13 13:16:25 INFO SecurityManager: SecurityManager: authentication disabled; ui acls disabled; users  with view permissions: Set(sgaxcell); groups with view permissions: Set(); users  with modify permissions: Set(sgaxcell); groups with modify permissions: Set()
19/04/13 13:16:25 INFO Utils: Successfully started service 'sparkWorker' on port 33029.
19/04/13 13:16:26 INFO Worker: Starting Spark worker 129.82.44.149:33029 with 2 cores, 2.0 GB RAM
19/04/13 13:16:26 INFO Worker: Running Spark version 2.4.1
19/04/13 13:16:26 INFO Worker: Spark home: /s/chopin/a/grad/sgaxcell/cs455TermProject/spark-2.4.1-bin-hadoop2.7
19/04/13 13:16:26 INFO Utils: Successfully started service 'WorkerUI' on port 8082.
19/04/13 13:16:26 INFO WorkerWebUI: Bound WorkerWebUI to 0.0.0.0, and started at http://indianapolis.cs.colostate.edu:8082
19/04/13 13:16:26 INFO Worker: Connecting to master phoenix.cs.colostate.edu:30311...
19/04/13 13:16:26 INFO TransportClientFactory: Successfully created connection to phoenix.cs.colostate.edu/129.82.44.162:30311 after 60 ms (0 ms spent in bootstraps)
19/04/13 13:16:26 INFO Worker: Successfully registered with master spark://phoenix.cs.colostate.edu:30311
